2018-02-08 06:09:43 +0000  Initial pipeline context: <IDEDistributionProcessingPipelineContext: 0x7fe0cea30a60; archive(resolved)='<IDEArchive: 0x7fe0cce726a0>', distributionTask(resolved)='2', distributionMethod(resolved)='<IDEDistributionMethodiOSEnterprise: 0x7fe0ce23d2c0>', team(resolved)='<IDEProvisioningBasicTeam 0x7fe0ce7818d0: teamID: NLR6TK5YBW, teamName: Eye Egypt>'>
	Chain (11, self inclusive):
	<IDEDistributionProcessingPipelineContext: 0x7fe0cea30a60; archive = '<IDEArchive: 0x7fe0cce726a0>', distributionMethod='<IDEDistributionMethodiOSEnterprise: 0x7fe0ce23d2c0>', team='<IDEProvisioningBasicTeam 0x7fe0ce7818d0: teamID: NLR6TK5YBW, teamName: Eye Egypt>'>
	<IDEDistributionProcessingPipelineContext: 0x7fe0cea2f150; archive = '<IDEArchive: 0x7fe0cce726a0>', distributionMethod='<IDEDistributionMethodiOSEnterprise: 0x7fe0ce23d2c0>', team='<IDEProvisioningBasicTeam 0x7fe0ce7818d0: teamID: NLR6TK5YBW, teamName: Eye Egypt>'>
	<IDEDistributionContext: 0x7fe0ce9a70d0; archive = '<IDEArchive: 0x7fe0cce726a0>', distributionMethod='<IDEDistributionMethodiOSEnterprise: 0x7fe0ce23d2c0>', team='<IDEProvisioningBasicTeam 0x7fe0ce7818d0: teamID: NLR6TK5YBW, teamName: Eye Egypt>'>
	<IDEDistributionContext: 0x7fe0caf65200; archive = '<IDEArchive: 0x7fe0cce726a0>', distributionMethod='<IDEDistributionMethodiOSEnterprise: 0x7fe0ce23d2c0>', team='<IDEProvisioningBasicTeam 0x7fe0ce7818d0: teamID: NLR6TK5YBW, teamName: Eye Egypt>'>
	<IDEDistributionContext: 0x7fe0ce43cc70; archive = '<IDEArchive: 0x7fe0cce726a0>', distributionMethod='<IDEDistributionMethodiOSEnterprise: 0x7fe0ce23d2c0>', team='<IDEProvisioningBasicTeam 0x7fe0ce7818d0: teamID: NLR6TK5YBW, teamName: Eye Egypt>'>
	<IDEDistributionContext: 0x7fe0ce6d40c0; archive = '<IDEArchive: 0x7fe0cce726a0>', distributionMethod='<IDEDistributionMethodiOSEnterprise: 0x7fe0ce23d2c0>', team='<IDEProvisioningBasicTeam 0x7fe0ce7818d0: teamID: NLR6TK5YBW, teamName: Eye Egypt>'>
	<IDEDistributionContext: 0x7fe0cc3ca6a0; archive = '<IDEArchive: 0x7fe0cce726a0>', distributionMethod='<IDEDistributionMethodiOSEnterprise: 0x7fe0ce23d2c0>', team='<IDEProvisioningBasicTeam 0x7fe0ce7818d0: teamID: NLR6TK5YBW, teamName: Eye Egypt>'>
	<IDEDistributionContext: 0x7fe0ce41ffe0; archive = '<IDEArchive: 0x7fe0cce726a0>', distributionMethod='<IDEDistributionMethodiOSEnterprise: 0x7fe0ce23d2c0>', team='<IDEProvisioningBasicTeam 0x7fe0ce7818d0: teamID: NLR6TK5YBW, teamName: Eye Egypt>'>
	<IDEDistributionContext: 0x7fe0ce76fca0; archive = '<IDEArchive: 0x7fe0cce726a0>', distributionMethod='<IDEDistributionMethodiOSEnterprise: 0x7fe0ce23d2c0>', team='<IDEProvisioningBasicTeam 0x7fe0ce7818d0: teamID: NLR6TK5YBW, teamName: Eye Egypt>'>
	<IDEDistributionContext: 0x7fe0c7ce72c0; archive = '<IDEArchive: 0x7fe0cce726a0>', distributionMethod='<IDEDistributionMethodiOSEnterprise: 0x7fe0ce23d2c0>', team='(null)'>
	<IDEDistributionContext: 0x7fe0ccc38970; archive = '<IDEArchive: 0x7fe0cce726a0>', distributionMethod='(null)', team='(null)'>
</IDEDistributionProcessingPipelineContext: 0x7fe0cea30a60>
2018-02-08 06:09:43 +0000  Processing step: IDEDistributionCreateDestRootStep
2018-02-08 06:09:43 +0000  Processing step: IDEDistributionCopyItemStep
2018-02-08 06:09:43 +0000  Running /usr/bin/ditto '-V' '/Users/mohammedzaki/Library/Developer/Xcode/Archives/2018-02-08/Cure-Temp 8-02-18, 8.04 AM.xcarchive/Products/Applications/Cure-Temp.app' '/var/folders/ht/h9ngsqps69j0kpjx1yzc3c1c0000gn/T/XcodeDistPipeline.RLg/Root/Payload/Cure-Temp.app'
2018-02-08 06:09:43 +0000  >>> Copying /Users/mohammedzaki/Library/Developer/Xcode/Archives/2018-02-08/Cure-Temp 8-02-18, 8.04 AM.xcarchive/Products/Applications/Cure-Temp.app 
2018-02-08 06:09:43 +0000  
2018-02-08 06:09:43 +0000  copying file ./_CodeSignature/CodeResources ... 
2018-02-08 06:09:43 +0000  44893 bytes for ./_CodeSignature/CodeResources
2018-02-08 06:09:43 +0000  copying file ./AppIcon20x20@2x.png ... 
2018-02-08 06:09:43 +0000  2408 bytes for ./AppIcon20x20@2x.png
copying file ./AppIcon20x20@2x~ipad.png ... 
2018-02-08 06:09:43 +0000  2408 bytes for ./AppIcon20x20@2x~ipad.png
copying file ./AppIcon20x20@3x.png ... 
2018-02-08 06:09:43 +0000  3827 bytes for ./AppIcon20x20@3x.png
copying file ./AppIcon29x29.png ... 
2018-02-08 06:09:43 +0000  1682 bytes for ./AppIcon29x29.png
copying file ./AppIcon29x29@2x.png ... 
2018-02-08 06:09:43 +0000  3690 bytes for ./AppIcon29x29@2x.png
copying file ./AppIcon29x29@2x~ipad.png ... 
2018-02-08 06:09:43 +0000  3690 bytes for ./AppIcon29x29@2x~ipad.png
2018-02-08 06:09:43 +0000  copying file ./AppIcon29x29@3x.png ... 
2018-02-08 06:09:43 +0000  5870 bytes for ./AppIcon29x29@3x.png
2018-02-08 06:09:43 +0000  copying file ./AppIcon29x29~ipad.png ... 
2018-02-08 06:09:43 +0000  1682 bytes for ./AppIcon29x29~ipad.png
copying file ./AppIcon40x40@2x.png ... 
2018-02-08 06:09:43 +0000  5357 bytes for ./AppIcon40x40@2x.png
2018-02-08 06:09:43 +0000  copying file ./AppIcon40x40@2x~ipad.png ... 
2018-02-08 06:09:43 +0000  5357 bytes for ./AppIcon40x40@2x~ipad.png
2018-02-08 06:09:43 +0000  copying file ./AppIcon40x40@3x.png ... 
2018-02-08 06:09:43 +0000  8189 bytes for ./AppIcon40x40@3x.png
2018-02-08 06:09:43 +0000  copying file ./AppIcon40x40~ipad.png ... 
2018-02-08 06:09:43 +0000  2408 bytes for ./AppIcon40x40~ipad.png
2018-02-08 06:09:43 +0000  copying file ./AppIcon50x50@2x~ipad.png ... 
2018-02-08 06:09:43 +0000  6746 bytes for ./AppIcon50x50@2x~ipad.png
2018-02-08 06:09:43 +0000  copying file ./AppIcon50x50~ipad.png ... 
2018-02-08 06:09:43 +0000  3181 bytes for ./AppIcon50x50~ipad.png
2018-02-08 06:09:43 +0000  copying file ./AppIcon57x57.png ... 
2018-02-08 06:09:43 +0000  3526 bytes for ./AppIcon57x57.png
2018-02-08 06:09:43 +0000  copying file ./AppIcon57x57@2x.png ... 
2018-02-08 06:09:43 +0000  7668 bytes for ./AppIcon57x57@2x.png
copying file ./AppIcon60x60@2x.png ... 
2018-02-08 06:09:43 +0000  8189 bytes for ./AppIcon60x60@2x.png
copying file ./AppIcon60x60@3x.png ... 
2018-02-08 06:09:43 +0000  12826 bytes for ./AppIcon60x60@3x.png
2018-02-08 06:09:43 +0000  copying file ./AppIcon72x72@2x~ipad.png ... 
2018-02-08 06:09:43 +0000  10120 bytes for ./AppIcon72x72@2x~ipad.png
2018-02-08 06:09:43 +0000  copying file ./AppIcon72x72~ipad.png ... 
2018-02-08 06:09:43 +0000  4749 bytes for ./AppIcon72x72~ipad.png
copying file ./AppIcon76x76@2x~ipad.png ... 
2018-02-08 06:09:43 +0000  10794 bytes for ./AppIcon76x76@2x~ipad.png
2018-02-08 06:09:43 +0000  copying file ./AppIcon76x76~ipad.png ... 
2018-02-08 06:09:43 +0000  4977 bytes for ./AppIcon76x76~ipad.png
copying file ./AppIcon83.5x83.5@2x~ipad.png ... 
2018-02-08 06:09:43 +0000  11980 bytes for ./AppIcon83.5x83.5@2x~ipad.png
2018-02-08 06:09:43 +0000  copying file ./archived-expanded-entitlements.xcent ... 
2018-02-08 06:09:43 +0000  246 bytes for ./archived-expanded-entitlements.xcent
2018-02-08 06:09:43 +0000  copying file ./Assets.car ... 
2018-02-08 06:09:43 +0000  5857912 bytes for ./Assets.car
2018-02-08 06:09:43 +0000  copying file ./CDVLaunchScreen.storyboardc/01J-lp-oVM-view-Ze5-6b-2t3.nib ... 
2282 bytes for ./CDVLaunchScreen.storyboardc/01J-lp-oVM-view-Ze5-6b-2t3.nib
copying file ./CDVLaunchScreen.storyboardc/Info.plist ... 
2018-02-08 06:09:43 +0000  258 bytes for ./CDVLaunchScreen.storyboardc/Info.plist
copying file ./CDVLaunchScreen.storyboardc/UIViewController-01J-lp-oVM.nib ... 
2018-02-08 06:09:43 +0000  832 bytes for ./CDVLaunchScreen.storyboardc/UIViewController-01J-lp-oVM.nib
2018-02-08 06:09:43 +0000  copying file ./config.xml ... 
2018-02-08 06:09:43 +0000  6197 bytes for ./config.xml
copying file ./Cure-Temp ... 
2018-02-08 06:09:43 +0000  5559616 bytes for ./Cure-Temp
2018-02-08 06:09:43 +0000  copying file ./curealarm.wav ... 
2018-02-08 06:09:43 +0000  3685880 bytes for ./curealarm.wav
2018-02-08 06:09:43 +0000  copying file ./embedded.mobileprovision ... 
13839 bytes for ./embedded.mobileprovision
copying file ./GoogleService-Info.plist ... 
2018-02-08 06:09:43 +0000  891 bytes for ./GoogleService-Info.plist
copying file ./Info.plist ... 
2018-02-08 06:09:43 +0000  2173 bytes for ./Info.plist
copying file ./LaunchImage-568h@2x.png ... 
2018-02-08 06:09:43 +0000  666447 bytes for ./LaunchImage-568h@2x.png
copying file ./LaunchImage-700-568h@2x.png ... 
2018-02-08 06:09:44 +0000  666447 bytes for ./LaunchImage-700-568h@2x.png
2018-02-08 06:09:44 +0000  copying file ./LaunchImage-700-Landscape@2x~ipad.png ... 
2018-02-08 06:09:44 +0000  2417145 bytes for ./LaunchImage-700-Landscape@2x~ipad.png
copying file ./LaunchImage-700-Landscape~ipad.png ... 
2018-02-08 06:09:44 +0000  658749 bytes for ./LaunchImage-700-Landscape~ipad.png
2018-02-08 06:09:44 +0000  copying file ./LaunchImage-700-Portrait@2x~ipad.png ... 
2018-02-08 06:09:44 +0000  2448219 bytes for ./LaunchImage-700-Portrait@2x~ipad.png
copying file ./LaunchImage-700-Portrait~ipad.png ... 
2018-02-08 06:09:44 +0000  681891 bytes for ./LaunchImage-700-Portrait~ipad.png
2018-02-08 06:09:44 +0000  copying file ./LaunchImage-700@2x.png ... 
2018-02-08 06:09:44 +0000  561645 bytes for ./LaunchImage-700@2x.png
2018-02-08 06:09:44 +0000  copying file ./LaunchImage-800-667h@2x.png ... 
2018-02-08 06:09:44 +0000  883928 bytes for ./LaunchImage-800-667h@2x.png
2018-02-08 06:09:44 +0000  copying file ./LaunchImage-800-Landscape-736h@3x.png ... 
2018-02-08 06:09:44 +0000  2006667 bytes for ./LaunchImage-800-Landscape-736h@3x.png
2018-02-08 06:09:44 +0000  copying file ./LaunchImage-800-Portrait-736h@3x.png ... 
2018-02-08 06:09:44 +0000  2256411 bytes for ./LaunchImage-800-Portrait-736h@3x.png
2018-02-08 06:09:44 +0000  copying file ./LaunchImage-Landscape@2x~ipad.png ... 
2018-02-08 06:09:44 +0000  2417145 bytes for ./LaunchImage-Landscape@2x~ipad.png
2018-02-08 06:09:44 +0000  copying file ./LaunchImage-Landscape~ipad.png ... 
658749 bytes for ./LaunchImage-Landscape~ipad.png
copying file ./LaunchImage-Portrait@2x~ipad.png ... 
2018-02-08 06:09:44 +0000  2448219 bytes for ./LaunchImage-Portrait@2x~ipad.png
2018-02-08 06:09:44 +0000  copying file ./LaunchImage-Portrait~ipad.png ... 
681891 bytes for ./LaunchImage-Portrait~ipad.png
copying file ./LaunchImage.png ... 
2018-02-08 06:09:44 +0000  173010 bytes for ./LaunchImage.png
copying file ./LaunchImage@2x.png ... 
2018-02-08 06:09:44 +0000  561645 bytes for ./LaunchImage@2x.png
copying file ./MainViewController.nib ... 
2018-02-08 06:09:44 +0000  943 bytes for ./MainViewController.nib
copying file ./PkgInfo ... 
2018-02-08 06:09:44 +0000  8 bytes for ./PkgInfo
2018-02-08 06:09:44 +0000  copying file ./www/assets/Cure_Alarm.wav ... 
2018-02-08 06:09:44 +0000  3685880 bytes for ./www/assets/Cure_Alarm.wav
copying file ./www/assets/curealarm.wav ... 
2018-02-08 06:09:44 +0000  3685880 bytes for ./www/assets/curealarm.wav
2018-02-08 06:09:44 +0000  copying file ./www/assets/fonts/ionicons.woff ... 
2018-02-08 06:09:44 +0000  80356 bytes for ./www/assets/fonts/ionicons.woff
2018-02-08 06:09:44 +0000  copying file ./www/assets/fonts/ionicons.woff2 ... 
2018-02-08 06:09:44 +0000  61020 bytes for ./www/assets/fonts/ionicons.woff2
2018-02-08 06:09:44 +0000  copying file ./www/assets/fonts/roboto-bold.woff ... 
2018-02-08 06:09:44 +0000  13348 bytes for ./www/assets/fonts/roboto-bold.woff
2018-02-08 06:09:44 +0000  copying file ./www/assets/fonts/roboto-bold.woff2 ... 
2018-02-08 06:09:44 +0000  10212 bytes for ./www/assets/fonts/roboto-bold.woff2
2018-02-08 06:09:44 +0000  copying file ./www/assets/fonts/roboto-light.woff ... 
2018-02-08 06:09:44 +0000  13360 bytes for ./www/assets/fonts/roboto-light.woff
2018-02-08 06:09:44 +0000  copying file ./www/assets/fonts/roboto-light.woff2 ... 
2018-02-08 06:09:44 +0000  10220 bytes for ./www/assets/fonts/roboto-light.woff2
2018-02-08 06:09:44 +0000  copying file ./www/assets/fonts/roboto-medium.woff ... 
2018-02-08 06:09:44 +0000  13248 bytes for ./www/assets/fonts/roboto-medium.woff
copying file ./www/assets/fonts/roboto-medium.woff2 ... 
2018-02-08 06:09:44 +0000  10192 bytes for ./www/assets/fonts/roboto-medium.woff2
copying file ./www/assets/fonts/roboto-regular.woff ... 
2018-02-08 06:09:44 +0000  13308 bytes for ./www/assets/fonts/roboto-regular.woff
copying file ./www/assets/fonts/roboto-regular.woff2 ... 
2018-02-08 06:09:44 +0000  10196 bytes for ./www/assets/fonts/roboto-regular.woff2
2018-02-08 06:09:44 +0000  copying file ./www/assets/i18n/ar.json ... 
2018-02-08 06:09:44 +0000  2949 bytes for ./www/assets/i18n/ar.json
copying file ./www/assets/i18n/bs.json ... 
2018-02-08 06:09:44 +0000  1743 bytes for ./www/assets/i18n/bs.json
copying file ./www/assets/i18n/by.json ... 
2018-02-08 06:09:44 +0000  2422 bytes for ./www/assets/i18n/by.json
2018-02-08 06:09:44 +0000  copying file ./www/assets/i18n/da.json ... 
2018-02-08 06:09:44 +0000  1664 bytes for ./www/assets/i18n/da.json
2018-02-08 06:09:44 +0000  copying file ./www/assets/i18n/de.json ... 
2018-02-08 06:09:44 +0000  1927 bytes for ./www/assets/i18n/de.json
copying file ./www/assets/i18n/el.json ... 
2018-02-08 06:09:44 +0000  2678 bytes for ./www/assets/i18n/el.json
copying file ./www/assets/i18n/en.json ... 
2018-02-08 06:09:44 +0000  2102 bytes for ./www/assets/i18n/en.json
2018-02-08 06:09:44 +0000  copying file ./www/assets/i18n/es-eu.json ... 
2018-02-08 06:09:44 +0000  1581 bytes for ./www/assets/i18n/es-eu.json
2018-02-08 06:09:44 +0000  copying file ./www/assets/i18n/es.json ... 
2018-02-08 06:09:44 +0000  1757 bytes for ./www/assets/i18n/es.json
2018-02-08 06:09:44 +0000  copying file ./www/assets/i18n/fil.json ... 
2018-02-08 06:09:44 +0000  1633 bytes for ./www/assets/i18n/fil.json
2018-02-08 06:09:44 +0000  copying file ./www/assets/i18n/fr.json ... 
2018-02-08 06:09:44 +0000  1799 bytes for ./www/assets/i18n/fr.json
copying file ./www/assets/i18n/he.json ... 
2018-02-08 06:09:44 +0000  1843 bytes for ./www/assets/i18n/he.json
2018-02-08 06:09:44 +0000  copying file ./www/assets/i18n/it.json ... 
2018-02-08 06:09:44 +0000  2385 bytes for ./www/assets/i18n/it.json
2018-02-08 06:09:44 +0000  copying file ./www/assets/i18n/ja.json ... 
2018-02-08 06:09:44 +0000  2670 bytes for ./www/assets/i18n/ja.json
2018-02-08 06:09:44 +0000  copying file ./www/assets/i18n/nb_NO.json ... 
2018-02-08 06:09:44 +0000  1633 bytes for ./www/assets/i18n/nb_NO.json
2018-02-08 06:09:44 +0000  copying file ./www/assets/i18n/nl.json ... 
2018-02-08 06:09:44 +0000  1729 bytes for ./www/assets/i18n/nl.json
2018-02-08 06:09:44 +0000  copying file ./www/assets/i18n/pl.json ... 
2018-02-08 06:09:44 +0000  1790 bytes for ./www/assets/i18n/pl.json
2018-02-08 06:09:44 +0000  copying file ./www/assets/i18n/pt-br.json ... 
2018-02-08 06:09:44 +0000  2249 bytes for ./www/assets/i18n/pt-br.json
2018-02-08 06:09:44 +0000  copying file ./www/assets/i18n/pt-PT.json ... 
2018-02-08 06:09:44 +0000  1666 bytes for ./www/assets/i18n/pt-PT.json
2018-02-08 06:09:44 +0000  copying file ./www/assets/i18n/ru.json ... 
2018-02-08 06:09:44 +0000  2498 bytes for ./www/assets/i18n/ru.json
copying file ./www/assets/i18n/sk.json ... 
2018-02-08 06:09:44 +0000  2266 bytes for ./www/assets/i18n/sk.json
2018-02-08 06:09:44 +0000  copying file ./www/assets/i18n/sl.json ... 
2018-02-08 06:09:44 +0000  1718 bytes for ./www/assets/i18n/sl.json
2018-02-08 06:09:44 +0000  copying file ./www/assets/i18n/sn.json ... 
2018-02-08 06:09:44 +0000  2332 bytes for ./www/assets/i18n/sn.json
2018-02-08 06:09:44 +0000  copying file ./www/assets/i18n/sv.json ... 
2018-02-08 06:09:44 +0000  1718 bytes for ./www/assets/i18n/sv.json
2018-02-08 06:09:44 +0000  copying file ./www/assets/i18n/th.json ... 
2018-02-08 06:09:44 +0000  2720 bytes for ./www/assets/i18n/th.json
2018-02-08 06:09:44 +0000  copying file ./www/assets/i18n/tr.json ... 
2018-02-08 06:09:44 +0000  1661 bytes for ./www/assets/i18n/tr.json
2018-02-08 06:09:44 +0000  copying file ./www/assets/i18n/ua.json ... 
2018-02-08 06:09:44 +0000  2532 bytes for ./www/assets/i18n/ua.json
2018-02-08 06:09:44 +0000  copying file ./www/assets/i18n/zh-cmn-Hans.json ... 
2018-02-08 06:09:44 +0000  2085 bytes for ./www/assets/i18n/zh-cmn-Hans.json
2018-02-08 06:09:44 +0000  copying file ./www/assets/i18n/zh-cmn-Hant.json ... 
2018-02-08 06:09:44 +0000  2085 bytes for ./www/assets/i18n/zh-cmn-Hant.json
2018-02-08 06:09:44 +0000  copying file ./www/assets/icon/favicon.ico ... 
2018-02-08 06:09:44 +0000  1981 bytes for ./www/assets/icon/favicon.ico
2018-02-08 06:09:44 +0000  copying file ./www/assets/img/8wXcffGSIOtL5eLi9jiw_full-drop.png ... 
2018-02-08 06:09:44 +0000  32280 bytes for ./www/assets/img/8wXcffGSIOtL5eLi9jiw_full-drop.png
copying file ./www/assets/img/app-logo-transparent.png ... 
2018-02-08 06:09:44 +0000  26388 bytes for ./www/assets/img/app-logo-transparent.png
copying file ./www/assets/img/app-logo.png ... 
2018-02-08 06:09:44 +0000  50168 bytes for ./www/assets/img/app-logo.png
copying file ./www/assets/img/background.jpg ... 
2018-02-08 06:09:44 +0000  286225 bytes for ./www/assets/img/background.jpg
copying file ./www/assets/img/cure-group-logo.png ... 
2018-02-08 06:09:44 +0000  300541 bytes for ./www/assets/img/cure-group-logo.png
2018-02-08 06:09:44 +0000  copying file ./www/assets/img/full-drop.png ... 
2018-02-08 06:09:44 +0000  32280 bytes for ./www/assets/img/full-drop.png
2018-02-08 06:09:44 +0000  copying file ./www/assets/img/hPjMSzvqR2aBSe8kK0Ko_icon.png ... 
2018-02-08 06:09:44 +0000  50168 bytes for ./www/assets/img/hPjMSzvqR2aBSe8kK0Ko_icon.png
2018-02-08 06:09:44 +0000  copying file ./www/assets/img/mz.jpg ... 
2018-02-08 06:09:44 +0000  27168 bytes for ./www/assets/img/mz.jpg
2018-02-08 06:09:44 +0000  copying file ./www/assets/img/no_image.png ... 
2018-02-08 06:09:44 +0000  12396 bytes for ./www/assets/img/no_image.png
2018-02-08 06:09:44 +0000  copying file ./www/assets/img/no_user.png ... 
2018-02-08 06:09:44 +0000  2662 bytes for ./www/assets/img/no_user.png
2018-02-08 06:09:44 +0000  copying file ./www/assets/img/onboarding_ex.png ... 
2018-02-08 06:09:44 +0000  8841 bytes for ./www/assets/img/onboarding_ex.png
2018-02-08 06:09:44 +0000  copying file ./www/assets/img/teuJejQdRimZz0wsn4fT_10363995_760257530705885_4968515216904558173_n.jpg ... 
2018-02-08 06:09:44 +0000  27168 bytes for ./www/assets/img/teuJejQdRimZz0wsn4fT_10363995_760257530705885_4968515216904558173_n.jpg
2018-02-08 06:09:44 +0000  copying file ./www/assets/img/VSDEggggSkyo5IDeDsj4_background.jpg ... 
2018-02-08 06:09:44 +0000  286225 bytes for ./www/assets/img/VSDEggggSkyo5IDeDsj4_background.jpg
copying file ./www/assets/img/VX9I7YMtStao1IgsJsoi_background.jpg ... 
2018-02-08 06:09:44 +0000  286225 bytes for ./www/assets/img/VX9I7YMtStao1IgsJsoi_background.jpg
copying file ./www/assets/img/YlD44O0GRlmOVc44ZfE1_Cure-Group-Logo.png ... 
2018-02-08 06:09:44 +0000  300541 bytes for ./www/assets/img/YlD44O0GRlmOVc44ZfE1_Cure-Group-Logo.png
2018-02-08 06:09:44 +0000  copying file ./www/assets/img/YLF3BuYtSr2rbvcTT6Kp_temp-logo.png ... 
2018-02-08 06:09:44 +0000  26388 bytes for ./www/assets/img/YLF3BuYtSr2rbvcTT6Kp_temp-logo.png
2018-02-08 06:09:44 +0000  copying file ./www/assets/imgs/logo.png ... 
2018-02-08 06:09:44 +0000  47836 bytes for ./www/assets/imgs/logo.png
2018-02-08 06:09:44 +0000  copying file ./www/build/0.js ... 
2018-02-08 06:09:44 +0000  6301 bytes for ./www/build/0.js
copying file ./www/build/1.js ... 
2018-02-08 06:09:44 +0000  697 bytes for ./www/build/1.js
2018-02-08 06:09:44 +0000  copying file ./www/build/2.js ... 
2018-02-08 06:09:44 +0000  958 bytes for ./www/build/2.js
2018-02-08 06:09:44 +0000  copying file ./www/build/3.js ... 
2018-02-08 06:09:44 +0000  690 bytes for ./www/build/3.js
2018-02-08 06:09:44 +0000  copying file ./www/build/4.js ... 
2018-02-08 06:09:44 +0000  1032 bytes for ./www/build/4.js
2018-02-08 06:09:44 +0000  copying file ./www/build/5.js ... 
2018-02-08 06:09:44 +0000  764 bytes for ./www/build/5.js
2018-02-08 06:09:44 +0000  copying file ./www/build/6.js ... 
2018-02-08 06:09:44 +0000  726 bytes for ./www/build/6.js
2018-02-08 06:09:44 +0000  copying file ./www/build/7.js ... 
2018-02-08 06:09:44 +0000  688 bytes for ./www/build/7.js
copying file ./www/build/main.css ... 
2018-02-08 06:09:44 +0000  696802 bytes for ./www/build/main.css
copying file ./www/build/main.js ... 
2018-02-08 06:09:44 +0000  76213 bytes for ./www/build/main.js
2018-02-08 06:09:44 +0000  copying file ./www/build/polyfills.js ... 
2018-02-08 06:09:44 +0000  97180 bytes for ./www/build/polyfills.js
2018-02-08 06:09:44 +0000  copying file ./www/build/sw-toolbox.js ... 
2018-02-08 06:09:44 +0000  15793 bytes for ./www/build/sw-toolbox.js
2018-02-08 06:09:44 +0000  copying file ./www/build/vendor.js ... 
2018-02-08 06:09:44 +0000  659559 bytes for ./www/build/vendor.js
2018-02-08 06:09:44 +0000  copying file ./www/cordova-js-src/exec.js ... 
2018-02-08 06:09:44 +0000  8877 bytes for ./www/cordova-js-src/exec.js
copying file ./www/cordova-js-src/platform.js ... 
2018-02-08 06:09:44 +0000  1168 bytes for ./www/cordova-js-src/platform.js
2018-02-08 06:09:44 +0000  copying file ./www/cordova-js-src/plugin/ios/console.js ... 
2018-02-08 06:09:44 +0000  6822 bytes for ./www/cordova-js-src/plugin/ios/console.js
copying file ./www/cordova-js-src/plugin/ios/logger.js ... 
2018-02-08 06:09:44 +0000  10233 bytes for ./www/cordova-js-src/plugin/ios/logger.js
2018-02-08 06:09:44 +0000  copying file ./www/cordova.js ... 
2018-02-08 06:09:44 +0000  78044 bytes for ./www/cordova.js
copying file ./www/cordova_plugins.js ... 
2018-02-08 06:09:44 +0000  1530 bytes for ./www/cordova_plugins.js
2018-02-08 06:09:44 +0000  copying file ./www/index.html ... 
2018-02-08 06:09:44 +0000  1810 bytes for ./www/index.html
copying file ./www/manifest.json ... 
2018-02-08 06:09:44 +0000  274 bytes for ./www/manifest.json
2018-02-08 06:09:44 +0000  copying file ./www/plugins/cordova-plugin-device/www/device.js ... 
2018-02-08 06:09:44 +0000  3062 bytes for ./www/plugins/cordova-plugin-device/www/device.js
2018-02-08 06:09:44 +0000  copying file ./www/plugins/cordova-plugin-firebase/www/firebase.js ... 
2018-02-08 06:09:44 +0000  4082 bytes for ./www/plugins/cordova-plugin-firebase/www/firebase.js
2018-02-08 06:09:44 +0000  copying file ./www/plugins/cordova-plugin-ionic-webview/src/www/ios/ios-wkwebview-exec.js ... 
2018-02-08 06:09:44 +0000  6167 bytes for ./www/plugins/cordova-plugin-ionic-webview/src/www/ios/ios-wkwebview-exec.js
2018-02-08 06:09:44 +0000  copying file ./www/plugins/cordova-plugin-splashscreen/www/splashscreen.js ... 
2018-02-08 06:09:44 +0000  1173 bytes for ./www/plugins/cordova-plugin-splashscreen/www/splashscreen.js
2018-02-08 06:09:44 +0000  copying file ./www/plugins/ionic-plugin-keyboard/www/ios/keyboard.js ... 
2018-02-08 06:09:44 +0000  1108 bytes for ./www/plugins/ionic-plugin-keyboard/www/ios/keyboard.js
2018-02-08 06:09:44 +0000  copying file ./www/service-worker.js ... 
2018-02-08 06:09:44 +0000  741 bytes for ./www/service-worker.js
copying file ./www/wk-plugin.js ... 
2018-02-08 06:09:44 +0000  1779 bytes for ./www/wk-plugin.js
2018-02-08 06:09:44 +0000  /usr/bin/ditto exited with 0
2018-02-08 06:09:44 +0000  Processing step: IDEDistributionEmbedProfileStep
2018-02-08 06:09:44 +0000  Processing step: IDEDistributionAppThinningPlistStep
2018-02-08 06:09:44 +0000  Skipping step: IDEDistributionAppThinningPlistStep because it said so
2018-02-08 06:09:44 +0000  Processing step: IDEDistributionCompileBitcodeStep
2018-02-08 06:09:44 +0000  Skipping step: IDEDistributionCompileBitcodeStep because it said so
2018-02-08 06:09:44 +0000  Processing step: IDEDistributionCodeSlimmingStep
2018-02-08 06:09:44 +0000  Processing step: IDEDistributionCopyBCSymbolMapsStep
2018-02-08 06:09:44 +0000  Skipping step: IDEDistributionCopyBCSymbolMapsStep because it said so
2018-02-08 06:09:44 +0000  Processing step: IDEDistributionSymbolsStep
2018-02-08 06:09:44 +0000  Skipping step: IDEDistributionSymbolsStep because it said so
2018-02-08 06:09:44 +0000  Processing step: IDEDistributionAppThinningStep
2018-02-08 06:09:44 +0000  Skipping step: IDEDistributionAppThinningStep because it said so
2018-02-08 06:09:44 +0000  Processing step: IDEDistributionODRStep
2018-02-08 06:09:44 +0000  Processing step: IDEDistributionStripXattrsStep
2018-02-08 06:09:44 +0000  Running /usr/bin/xattr '-crs' '/var/folders/ht/h9ngsqps69j0kpjx1yzc3c1c0000gn/T/XcodeDistPipeline.RLg/Root/Payload/Cure-Temp.app'
2018-02-08 06:09:44 +0000  /usr/bin/xattr exited with 0
2018-02-08 06:09:44 +0000  Processing step: IDEDistributionCodesignStep
2018-02-08 06:09:44 +0000  Applying entitlements delta for <IDEDistributionItem: 0x7fe0ce7831c0 'com.zaki.cure.temperature.test' '<DVTFilePath:0x7fe0ce66c0a0:'/Users/mohammedzaki/Library/Developer/Xcode/Archives/2018-02-08/Cure-Temp 8-02-18, 8.04 AM.xcarchive/Products/Applications/Cure-Temp.app'>'> from <IDEiCloudEntitlementsProcessor: 0x7fe0ce7355c0>: {
}
2018-02-08 06:09:44 +0000  Entitlements for <IDEDistributionItem: 0x7fe0ce7831c0 'com.zaki.cure.temperature.test' '<DVTFilePath:0x7fe0ce66c0a0:'/Users/mohammedzaki/Library/Developer/Xcode/Archives/2018-02-08/Cure-Temp 8-02-18, 8.04 AM.xcarchive/Products/Applications/Cure-Temp.app'>'>: {
    "application-identifier" = "NLR6TK5YBW.com.zaki.cure.temperature.test";
    "aps-environment" = production;
    "com.apple.developer.team-identifier" = NLR6TK5YBW;
    "get-task-allow" = 0;
}
2018-02-08 06:09:44 +0000  Writing entitlements for <IDEDistributionItem: 0x7fe0ce7831c0 'com.zaki.cure.temperature.test' '<DVTFilePath:0x7fe0ce66c0a0:'/Users/mohammedzaki/Library/Developer/Xcode/Archives/2018-02-08/Cure-Temp 8-02-18, 8.04 AM.xcarchive/Products/Applications/Cure-Temp.app'>'> to: /var/folders/ht/h9ngsqps69j0kpjx1yzc3c1c0000gn/T/XcodeDistPipeline.RLg/entitlementshIQcC9
2018-02-08 06:09:44 +0000  Running /usr/bin/codesign '-vvv' '--force' '--sign' 'F9DB133B6A6AB30819E290B41A7F177F084D86C7' '--preserve-metadata=identifier,flags' '--entitlements' '/var/folders/ht/h9ngsqps69j0kpjx1yzc3c1c0000gn/T/XcodeDistPipeline.RLg/entitlementshIQcC9' '/var/folders/ht/h9ngsqps69j0kpjx1yzc3c1c0000gn/T/XcodeDistPipeline.RLg/Root/Payload/Cure-Temp.app'
2018-02-08 06:09:44 +0000  /var/folders/ht/h9ngsqps69j0kpjx1yzc3c1c0000gn/T/XcodeDistPipeline.RLg/Root/Payload/Cure-Temp.app: replacing existing signature
2018-02-08 06:09:44 +0000  /var/folders/ht/h9ngsqps69j0kpjx1yzc3c1c0000gn/T/XcodeDistPipeline.RLg/Root/Payload/Cure-Temp.app: signed app bundle with Mach-O universal (armv7 arm64) [com.zaki.cure.temperature.test]
2018-02-08 06:09:44 +0000  /usr/bin/codesign exited with 0
2018-02-08 06:09:44 +0000  Processing step: IDEDistributionStreamingZipItemStep
2018-02-08 06:09:44 +0000  Skipping step: IDEDistributionStreamingZipItemStep because it said so
2018-02-08 06:09:44 +0000  Processing step: IDEDistributionCreateIPAStep
2018-02-08 06:09:44 +0000  Running /usr/bin/ditto '-V' '-c' '-k' '--norsrc' '/var/folders/ht/h9ngsqps69j0kpjx1yzc3c1c0000gn/T/XcodeDistPipeline.RLg/Root' '/var/folders/ht/h9ngsqps69j0kpjx1yzc3c1c0000gn/T/XcodeDistPipeline.RLg/Packages/Cure-Temp.ipa'
2018-02-08 06:09:44 +0000  >>> Copying /var/folders/ht/h9ngsqps69j0kpjx1yzc3c1c0000gn/T/XcodeDistPipeline.RLg/Root 
2018-02-08 06:09:44 +0000  copying file ./Payload/Cure-Temp.app/_CodeSignature/CodeResources ... 
2018-02-08 06:09:44 +0000  44893 bytes for ./Payload/Cure-Temp.app/_CodeSignature/CodeResources
2018-02-08 06:09:44 +0000  copying file ./Payload/Cure-Temp.app/AppIcon20x20@2x.png ... 
2018-02-08 06:09:44 +0000  2408 bytes for ./Payload/Cure-Temp.app/AppIcon20x20@2x.png
copying file ./Payload/Cure-Temp.app/AppIcon20x20@2x~ipad.png ... 
2018-02-08 06:09:44 +0000  2408 bytes for ./Payload/Cure-Temp.app/AppIcon20x20@2x~ipad.png
copying file ./Payload/Cure-Temp.app/AppIcon20x20@3x.png ... 
2018-02-08 06:09:44 +0000  3827 bytes for ./Payload/Cure-Temp.app/AppIcon20x20@3x.png
copying file ./Payload/Cure-Temp.app/AppIcon29x29.png ... 
2018-02-08 06:09:44 +0000  1682 bytes for ./Payload/Cure-Temp.app/AppIcon29x29.png
2018-02-08 06:09:44 +0000  copying file ./Payload/Cure-Temp.app/AppIcon29x29@2x.png ... 
2018-02-08 06:09:44 +0000  3690 bytes for ./Payload/Cure-Temp.app/AppIcon29x29@2x.png
copying file ./Payload/Cure-Temp.app/AppIcon29x29@2x~ipad.png ... 
2018-02-08 06:09:44 +0000  3690 bytes for ./Payload/Cure-Temp.app/AppIcon29x29@2x~ipad.png
copying file ./Payload/Cure-Temp.app/AppIcon29x29@3x.png ... 
2018-02-08 06:09:44 +0000  5870 bytes for ./Payload/Cure-Temp.app/AppIcon29x29@3x.png
copying file ./Payload/Cure-Temp.app/AppIcon29x29~ipad.png ... 
2018-02-08 06:09:44 +0000  1682 bytes for ./Payload/Cure-Temp.app/AppIcon29x29~ipad.png
copying file ./Payload/Cure-Temp.app/AppIcon40x40@2x.png ... 
2018-02-08 06:09:44 +0000  5357 bytes for ./Payload/Cure-Temp.app/AppIcon40x40@2x.png
copying file ./Payload/Cure-Temp.app/AppIcon40x40@2x~ipad.png ... 
2018-02-08 06:09:44 +0000  5357 bytes for ./Payload/Cure-Temp.app/AppIcon40x40@2x~ipad.png
copying file ./Payload/Cure-Temp.app/AppIcon40x40@3x.png ... 
2018-02-08 06:09:44 +0000  8189 bytes for ./Payload/Cure-Temp.app/AppIcon40x40@3x.png
copying file ./Payload/Cure-Temp.app/AppIcon40x40~ipad.png ... 
2018-02-08 06:09:44 +0000  2408 bytes for ./Payload/Cure-Temp.app/AppIcon40x40~ipad.png
copying file ./Payload/Cure-Temp.app/AppIcon50x50@2x~ipad.png ... 
2018-02-08 06:09:44 +0000  6746 bytes for ./Payload/Cure-Temp.app/AppIcon50x50@2x~ipad.png
copying file ./Payload/Cure-Temp.app/AppIcon50x50~ipad.png ... 
2018-02-08 06:09:44 +0000  3181 bytes for ./Payload/Cure-Temp.app/AppIcon50x50~ipad.png
copying file ./Payload/Cure-Temp.app/AppIcon57x57.png ... 
2018-02-08 06:09:44 +0000  3526 bytes for ./Payload/Cure-Temp.app/AppIcon57x57.png
copying file ./Payload/Cure-Temp.app/AppIcon57x57@2x.png ... 
2018-02-08 06:09:44 +0000  7668 bytes for ./Payload/Cure-Temp.app/AppIcon57x57@2x.png
copying file ./Payload/Cure-Temp.app/AppIcon60x60@2x.png ... 
2018-02-08 06:09:44 +0000  8189 bytes for ./Payload/Cure-Temp.app/AppIcon60x60@2x.png
copying file ./Payload/Cure-Temp.app/AppIcon60x60@3x.png ... 
2018-02-08 06:09:44 +0000  12826 bytes for ./Payload/Cure-Temp.app/AppIcon60x60@3x.png
copying file ./Payload/Cure-Temp.app/AppIcon72x72@2x~ipad.png ... 
2018-02-08 06:09:44 +0000  10120 bytes for ./Payload/Cure-Temp.app/AppIcon72x72@2x~ipad.png
copying file ./Payload/Cure-Temp.app/AppIcon72x72~ipad.png ... 
2018-02-08 06:09:44 +0000  4749 bytes for ./Payload/Cure-Temp.app/AppIcon72x72~ipad.png
2018-02-08 06:09:44 +0000  copying file ./Payload/Cure-Temp.app/AppIcon76x76@2x~ipad.png ... 
2018-02-08 06:09:44 +0000  10794 bytes for ./Payload/Cure-Temp.app/AppIcon76x76@2x~ipad.png
copying file ./Payload/Cure-Temp.app/AppIcon76x76~ipad.png ... 
2018-02-08 06:09:44 +0000  4977 bytes for ./Payload/Cure-Temp.app/AppIcon76x76~ipad.png
copying file ./Payload/Cure-Temp.app/AppIcon83.5x83.5@2x~ipad.png ... 
2018-02-08 06:09:44 +0000  11980 bytes for ./Payload/Cure-Temp.app/AppIcon83.5x83.5@2x~ipad.png
copying file ./Payload/Cure-Temp.app/archived-expanded-entitlements.xcent ... 
2018-02-08 06:09:44 +0000  246 bytes for ./Payload/Cure-Temp.app/archived-expanded-entitlements.xcent
copying file ./Payload/Cure-Temp.app/Assets.car ... 
2018-02-08 06:09:45 +0000  5857912 bytes for ./Payload/Cure-Temp.app/Assets.car
2018-02-08 06:09:45 +0000  copying file ./Payload/Cure-Temp.app/CDVLaunchScreen.storyboardc/01J-lp-oVM-view-Ze5-6b-2t3.nib ... 
2282 bytes for ./Payload/Cure-Temp.app/CDVLaunchScreen.storyboardc/01J-lp-oVM-view-Ze5-6b-2t3.nib
copying file ./Payload/Cure-Temp.app/CDVLaunchScreen.storyboardc/Info.plist ... 
2018-02-08 06:09:45 +0000  258 bytes for ./Payload/Cure-Temp.app/CDVLaunchScreen.storyboardc/Info.plist
copying file ./Payload/Cure-Temp.app/CDVLaunchScreen.storyboardc/UIViewController-01J-lp-oVM.nib ... 
2018-02-08 06:09:45 +0000  832 bytes for ./Payload/Cure-Temp.app/CDVLaunchScreen.storyboardc/UIViewController-01J-lp-oVM.nib
copying file ./Payload/Cure-Temp.app/config.xml ... 
2018-02-08 06:09:45 +0000  6197 bytes for ./Payload/Cure-Temp.app/config.xml
copying file ./Payload/Cure-Temp.app/Cure-Temp ... 
2018-02-08 06:09:45 +0000  5559600 bytes for ./Payload/Cure-Temp.app/Cure-Temp
copying file ./Payload/Cure-Temp.app/curealarm.wav ... 
2018-02-08 06:09:45 +0000  3685880 bytes for ./Payload/Cure-Temp.app/curealarm.wav
copying file ./Payload/Cure-Temp.app/embedded.mobileprovision ... 
2018-02-08 06:09:45 +0000  9379 bytes for ./Payload/Cure-Temp.app/embedded.mobileprovision
copying file ./Payload/Cure-Temp.app/GoogleService-Info.plist ... 
2018-02-08 06:09:45 +0000  891 bytes for ./Payload/Cure-Temp.app/GoogleService-Info.plist
copying file ./Payload/Cure-Temp.app/Info.plist ... 
2018-02-08 06:09:45 +0000  2173 bytes for ./Payload/Cure-Temp.app/Info.plist
copying file ./Payload/Cure-Temp.app/LaunchImage-568h@2x.png ... 
2018-02-08 06:09:45 +0000  666447 bytes for ./Payload/Cure-Temp.app/LaunchImage-568h@2x.png
copying file ./Payload/Cure-Temp.app/LaunchImage-700-568h@2x.png ... 
2018-02-08 06:09:45 +0000  666447 bytes for ./Payload/Cure-Temp.app/LaunchImage-700-568h@2x.png
copying file ./Payload/Cure-Temp.app/LaunchImage-700-Landscape@2x~ipad.png ... 
2018-02-08 06:09:45 +0000  2417145 bytes for ./Payload/Cure-Temp.app/LaunchImage-700-Landscape@2x~ipad.png
copying file ./Payload/Cure-Temp.app/LaunchImage-700-Landscape~ipad.png ... 
2018-02-08 06:09:45 +0000  658749 bytes for ./Payload/Cure-Temp.app/LaunchImage-700-Landscape~ipad.png
copying file ./Payload/Cure-Temp.app/LaunchImage-700-Portrait@2x~ipad.png ... 
2018-02-08 06:09:45 +0000  2448219 bytes for ./Payload/Cure-Temp.app/LaunchImage-700-Portrait@2x~ipad.png
copying file ./Payload/Cure-Temp.app/LaunchImage-700-Portrait~ipad.png ... 
2018-02-08 06:09:45 +0000  681891 bytes for ./Payload/Cure-Temp.app/LaunchImage-700-Portrait~ipad.png
copying file ./Payload/Cure-Temp.app/LaunchImage-700@2x.png ... 
2018-02-08 06:09:45 +0000  561645 bytes for ./Payload/Cure-Temp.app/LaunchImage-700@2x.png
copying file ./Payload/Cure-Temp.app/LaunchImage-800-667h@2x.png ... 
2018-02-08 06:09:45 +0000  883928 bytes for ./Payload/Cure-Temp.app/LaunchImage-800-667h@2x.png
copying file ./Payload/Cure-Temp.app/LaunchImage-800-Landscape-736h@3x.png ... 
2018-02-08 06:09:45 +0000  2006667 bytes for ./Payload/Cure-Temp.app/LaunchImage-800-Landscape-736h@3x.png
copying file ./Payload/Cure-Temp.app/LaunchImage-800-Portrait-736h@3x.png ... 
2018-02-08 06:09:45 +0000  2256411 bytes for ./Payload/Cure-Temp.app/LaunchImage-800-Portrait-736h@3x.png
copying file ./Payload/Cure-Temp.app/LaunchImage-Landscape@2x~ipad.png ... 
2018-02-08 06:09:46 +0000  2417145 bytes for ./Payload/Cure-Temp.app/LaunchImage-Landscape@2x~ipad.png
copying file ./Payload/Cure-Temp.app/LaunchImage-Landscape~ipad.png ... 
2018-02-08 06:09:46 +0000  658749 bytes for ./Payload/Cure-Temp.app/LaunchImage-Landscape~ipad.png
copying file ./Payload/Cure-Temp.app/LaunchImage-Portrait@2x~ipad.png ... 
2018-02-08 06:09:46 +0000  2448219 bytes for ./Payload/Cure-Temp.app/LaunchImage-Portrait@2x~ipad.png
copying file ./Payload/Cure-Temp.app/LaunchImage-Portrait~ipad.png ... 
2018-02-08 06:09:46 +0000  681891 bytes for ./Payload/Cure-Temp.app/LaunchImage-Portrait~ipad.png
copying file ./Payload/Cure-Temp.app/LaunchImage.png ... 
2018-02-08 06:09:46 +0000  173010 bytes for ./Payload/Cure-Temp.app/LaunchImage.png
copying file ./Payload/Cure-Temp.app/LaunchImage@2x.png ... 
2018-02-08 06:09:46 +0000  561645 bytes for ./Payload/Cure-Temp.app/LaunchImage@2x.png
copying file ./Payload/Cure-Temp.app/MainViewController.nib ... 
2018-02-08 06:09:46 +0000  943 bytes for ./Payload/Cure-Temp.app/MainViewController.nib
copying file ./Payload/Cure-Temp.app/PkgInfo ... 
8 bytes for ./Payload/Cure-Temp.app/PkgInfo
2018-02-08 06:09:46 +0000  copying file ./Payload/Cure-Temp.app/www/assets/Cure_Alarm.wav ... 
2018-02-08 06:09:46 +0000  3685880 bytes for ./Payload/Cure-Temp.app/www/assets/Cure_Alarm.wav
copying file ./Payload/Cure-Temp.app/www/assets/curealarm.wav ... 
2018-02-08 06:09:46 +0000  3685880 bytes for ./Payload/Cure-Temp.app/www/assets/curealarm.wav
2018-02-08 06:09:46 +0000  copying file ./Payload/Cure-Temp.app/www/assets/fonts/ionicons.woff ... 
2018-02-08 06:09:46 +0000  80356 bytes for ./Payload/Cure-Temp.app/www/assets/fonts/ionicons.woff
copying file ./Payload/Cure-Temp.app/www/assets/fonts/ionicons.woff2 ... 
2018-02-08 06:09:46 +0000  61020 bytes for ./Payload/Cure-Temp.app/www/assets/fonts/ionicons.woff2
copying file ./Payload/Cure-Temp.app/www/assets/fonts/roboto-bold.woff ... 
2018-02-08 06:09:46 +0000  13348 bytes for ./Payload/Cure-Temp.app/www/assets/fonts/roboto-bold.woff
copying file ./Payload/Cure-Temp.app/www/assets/fonts/roboto-bold.woff2 ... 
2018-02-08 06:09:46 +0000  10212 bytes for ./Payload/Cure-Temp.app/www/assets/fonts/roboto-bold.woff2
copying file ./Payload/Cure-Temp.app/www/assets/fonts/roboto-light.woff ... 
2018-02-08 06:09:46 +0000  13360 bytes for ./Payload/Cure-Temp.app/www/assets/fonts/roboto-light.woff
copying file ./Payload/Cure-Temp.app/www/assets/fonts/roboto-light.woff2 ... 
2018-02-08 06:09:46 +0000  10220 bytes for ./Payload/Cure-Temp.app/www/assets/fonts/roboto-light.woff2
copying file ./Payload/Cure-Temp.app/www/assets/fonts/roboto-medium.woff ... 
2018-02-08 06:09:46 +0000  13248 bytes for ./Payload/Cure-Temp.app/www/assets/fonts/roboto-medium.woff
copying file ./Payload/Cure-Temp.app/www/assets/fonts/roboto-medium.woff2 ... 
2018-02-08 06:09:46 +0000  10192 bytes for ./Payload/Cure-Temp.app/www/assets/fonts/roboto-medium.woff2
copying file ./Payload/Cure-Temp.app/www/assets/fonts/roboto-regular.woff ... 
2018-02-08 06:09:46 +0000  13308 bytes for ./Payload/Cure-Temp.app/www/assets/fonts/roboto-regular.woff
copying file ./Payload/Cure-Temp.app/www/assets/fonts/roboto-regular.woff2 ... 
2018-02-08 06:09:46 +0000  10196 bytes for ./Payload/Cure-Temp.app/www/assets/fonts/roboto-regular.woff2
2018-02-08 06:09:46 +0000  copying file ./Payload/Cure-Temp.app/www/assets/i18n/ar.json ... 
2018-02-08 06:09:46 +0000  2949 bytes for ./Payload/Cure-Temp.app/www/assets/i18n/ar.json
copying file ./Payload/Cure-Temp.app/www/assets/i18n/bs.json ... 
2018-02-08 06:09:46 +0000  1743 bytes for ./Payload/Cure-Temp.app/www/assets/i18n/bs.json
copying file ./Payload/Cure-Temp.app/www/assets/i18n/by.json ... 
2422 bytes for ./Payload/Cure-Temp.app/www/assets/i18n/by.json
copying file ./Payload/Cure-Temp.app/www/assets/i18n/da.json ... 
2018-02-08 06:09:46 +0000  1664 bytes for ./Payload/Cure-Temp.app/www/assets/i18n/da.json
2018-02-08 06:09:46 +0000  copying file ./Payload/Cure-Temp.app/www/assets/i18n/de.json ... 
2018-02-08 06:09:46 +0000  1927 bytes for ./Payload/Cure-Temp.app/www/assets/i18n/de.json
copying file ./Payload/Cure-Temp.app/www/assets/i18n/el.json ... 
2018-02-08 06:09:46 +0000  2678 bytes for ./Payload/Cure-Temp.app/www/assets/i18n/el.json
copying file ./Payload/Cure-Temp.app/www/assets/i18n/en.json ... 
2018-02-08 06:09:46 +0000  2102 bytes for ./Payload/Cure-Temp.app/www/assets/i18n/en.json
copying file ./Payload/Cure-Temp.app/www/assets/i18n/es-eu.json ... 
2018-02-08 06:09:46 +0000  1581 bytes for ./Payload/Cure-Temp.app/www/assets/i18n/es-eu.json
copying file ./Payload/Cure-Temp.app/www/assets/i18n/es.json ... 
2018-02-08 06:09:46 +0000  1757 bytes for ./Payload/Cure-Temp.app/www/assets/i18n/es.json
copying file ./Payload/Cure-Temp.app/www/assets/i18n/fil.json ... 
2018-02-08 06:09:46 +0000  1633 bytes for ./Payload/Cure-Temp.app/www/assets/i18n/fil.json
copying file ./Payload/Cure-Temp.app/www/assets/i18n/fr.json ... 
2018-02-08 06:09:46 +0000  1799 bytes for ./Payload/Cure-Temp.app/www/assets/i18n/fr.json
copying file ./Payload/Cure-Temp.app/www/assets/i18n/he.json ... 
2018-02-08 06:09:46 +0000  1843 bytes for ./Payload/Cure-Temp.app/www/assets/i18n/he.json
copying file ./Payload/Cure-Temp.app/www/assets/i18n/it.json ... 
2018-02-08 06:09:46 +0000  2385 bytes for ./Payload/Cure-Temp.app/www/assets/i18n/it.json
copying file ./Payload/Cure-Temp.app/www/assets/i18n/ja.json ... 
2018-02-08 06:09:46 +0000  2670 bytes for ./Payload/Cure-Temp.app/www/assets/i18n/ja.json
copying file ./Payload/Cure-Temp.app/www/assets/i18n/nb_NO.json ... 
2018-02-08 06:09:46 +0000  1633 bytes for ./Payload/Cure-Temp.app/www/assets/i18n/nb_NO.json
copying file ./Payload/Cure-Temp.app/www/assets/i18n/nl.json ... 
2018-02-08 06:09:46 +0000  1729 bytes for ./Payload/Cure-Temp.app/www/assets/i18n/nl.json
copying file ./Payload/Cure-Temp.app/www/assets/i18n/pl.json ... 
2018-02-08 06:09:46 +0000  1790 bytes for ./Payload/Cure-Temp.app/www/assets/i18n/pl.json
copying file ./Payload/Cure-Temp.app/www/assets/i18n/pt-br.json ... 
2018-02-08 06:09:46 +0000  2249 bytes for ./Payload/Cure-Temp.app/www/assets/i18n/pt-br.json
copying file ./Payload/Cure-Temp.app/www/assets/i18n/pt-PT.json ... 
2018-02-08 06:09:46 +0000  1666 bytes for ./Payload/Cure-Temp.app/www/assets/i18n/pt-PT.json
copying file ./Payload/Cure-Temp.app/www/assets/i18n/ru.json ... 
2018-02-08 06:09:46 +0000  2498 bytes for ./Payload/Cure-Temp.app/www/assets/i18n/ru.json
copying file ./Payload/Cure-Temp.app/www/assets/i18n/sk.json ... 
2018-02-08 06:09:46 +0000  2266 bytes for ./Payload/Cure-Temp.app/www/assets/i18n/sk.json
copying file ./Payload/Cure-Temp.app/www/assets/i18n/sl.json ... 
2018-02-08 06:09:46 +0000  1718 bytes for ./Payload/Cure-Temp.app/www/assets/i18n/sl.json
copying file ./Payload/Cure-Temp.app/www/assets/i18n/sn.json ... 
2018-02-08 06:09:46 +0000  2332 bytes for ./Payload/Cure-Temp.app/www/assets/i18n/sn.json
copying file ./Payload/Cure-Temp.app/www/assets/i18n/sv.json ... 
2018-02-08 06:09:46 +0000  1718 bytes for ./Payload/Cure-Temp.app/www/assets/i18n/sv.json
copying file ./Payload/Cure-Temp.app/www/assets/i18n/th.json ... 
2018-02-08 06:09:46 +0000  2720 bytes for ./Payload/Cure-Temp.app/www/assets/i18n/th.json
copying file ./Payload/Cure-Temp.app/www/assets/i18n/tr.json ... 
2018-02-08 06:09:46 +0000  1661 bytes for ./Payload/Cure-Temp.app/www/assets/i18n/tr.json
2018-02-08 06:09:46 +0000  copying file ./Payload/Cure-Temp.app/www/assets/i18n/ua.json ... 
2018-02-08 06:09:46 +0000  2532 bytes for ./Payload/Cure-Temp.app/www/assets/i18n/ua.json
copying file ./Payload/Cure-Temp.app/www/assets/i18n/zh-cmn-Hans.json ... 
2018-02-08 06:09:46 +0000  2085 bytes for ./Payload/Cure-Temp.app/www/assets/i18n/zh-cmn-Hans.json
copying file ./Payload/Cure-Temp.app/www/assets/i18n/zh-cmn-Hant.json ... 
2018-02-08 06:09:46 +0000  2085 bytes for ./Payload/Cure-Temp.app/www/assets/i18n/zh-cmn-Hant.json
2018-02-08 06:09:46 +0000  copying file ./Payload/Cure-Temp.app/www/assets/icon/favicon.ico ... 
2018-02-08 06:09:46 +0000  1981 bytes for ./Payload/Cure-Temp.app/www/assets/icon/favicon.ico
2018-02-08 06:09:46 +0000  copying file ./Payload/Cure-Temp.app/www/assets/img/8wXcffGSIOtL5eLi9jiw_full-drop.png ... 
2018-02-08 06:09:46 +0000  32280 bytes for ./Payload/Cure-Temp.app/www/assets/img/8wXcffGSIOtL5eLi9jiw_full-drop.png
2018-02-08 06:09:46 +0000  copying file ./Payload/Cure-Temp.app/www/assets/img/app-logo-transparent.png ... 
2018-02-08 06:09:46 +0000  26388 bytes for ./Payload/Cure-Temp.app/www/assets/img/app-logo-transparent.png
2018-02-08 06:09:46 +0000  copying file ./Payload/Cure-Temp.app/www/assets/img/app-logo.png ... 
2018-02-08 06:09:46 +0000  50168 bytes for ./Payload/Cure-Temp.app/www/assets/img/app-logo.png
copying file ./Payload/Cure-Temp.app/www/assets/img/background.jpg ... 
2018-02-08 06:09:46 +0000  286225 bytes for ./Payload/Cure-Temp.app/www/assets/img/background.jpg
copying file ./Payload/Cure-Temp.app/www/assets/img/cure-group-logo.png ... 
2018-02-08 06:09:46 +0000  300541 bytes for ./Payload/Cure-Temp.app/www/assets/img/cure-group-logo.png
copying file ./Payload/Cure-Temp.app/www/assets/img/full-drop.png ... 
2018-02-08 06:09:46 +0000  32280 bytes for ./Payload/Cure-Temp.app/www/assets/img/full-drop.png
copying file ./Payload/Cure-Temp.app/www/assets/img/hPjMSzvqR2aBSe8kK0Ko_icon.png ... 
2018-02-08 06:09:46 +0000  50168 bytes for ./Payload/Cure-Temp.app/www/assets/img/hPjMSzvqR2aBSe8kK0Ko_icon.png
copying file ./Payload/Cure-Temp.app/www/assets/img/mz.jpg ... 
2018-02-08 06:09:46 +0000  27168 bytes for ./Payload/Cure-Temp.app/www/assets/img/mz.jpg
copying file ./Payload/Cure-Temp.app/www/assets/img/no_image.png ... 
2018-02-08 06:09:46 +0000  12396 bytes for ./Payload/Cure-Temp.app/www/assets/img/no_image.png
copying file ./Payload/Cure-Temp.app/www/assets/img/no_user.png ... 
2018-02-08 06:09:46 +0000  2662 bytes for ./Payload/Cure-Temp.app/www/assets/img/no_user.png
copying file ./Payload/Cure-Temp.app/www/assets/img/onboarding_ex.png ... 
2018-02-08 06:09:46 +0000  8841 bytes for ./Payload/Cure-Temp.app/www/assets/img/onboarding_ex.png
copying file ./Payload/Cure-Temp.app/www/assets/img/teuJejQdRimZz0wsn4fT_10363995_760257530705885_4968515216904558173_n.jpg ... 
2018-02-08 06:09:46 +0000  27168 bytes for ./Payload/Cure-Temp.app/www/assets/img/teuJejQdRimZz0wsn4fT_10363995_760257530705885_4968515216904558173_n.jpg
copying file ./Payload/Cure-Temp.app/www/assets/img/VSDEggggSkyo5IDeDsj4_background.jpg ... 
2018-02-08 06:09:46 +0000  286225 bytes for ./Payload/Cure-Temp.app/www/assets/img/VSDEggggSkyo5IDeDsj4_background.jpg
copying file ./Payload/Cure-Temp.app/www/assets/img/VX9I7YMtStao1IgsJsoi_background.jpg ... 
2018-02-08 06:09:46 +0000  286225 bytes for ./Payload/Cure-Temp.app/www/assets/img/VX9I7YMtStao1IgsJsoi_background.jpg
copying file ./Payload/Cure-Temp.app/www/assets/img/YlD44O0GRlmOVc44ZfE1_Cure-Group-Logo.png ... 
2018-02-08 06:09:46 +0000  300541 bytes for ./Payload/Cure-Temp.app/www/assets/img/YlD44O0GRlmOVc44ZfE1_Cure-Group-Logo.png
2018-02-08 06:09:46 +0000  copying file ./Payload/Cure-Temp.app/www/assets/img/YLF3BuYtSr2rbvcTT6Kp_temp-logo.png ... 
2018-02-08 06:09:46 +0000  26388 bytes for ./Payload/Cure-Temp.app/www/assets/img/YLF3BuYtSr2rbvcTT6Kp_temp-logo.png
2018-02-08 06:09:46 +0000  copying file ./Payload/Cure-Temp.app/www/assets/imgs/logo.png ... 
2018-02-08 06:09:46 +0000  47836 bytes for ./Payload/Cure-Temp.app/www/assets/imgs/logo.png
2018-02-08 06:09:46 +0000  copying file ./Payload/Cure-Temp.app/www/build/0.js ... 
2018-02-08 06:09:46 +0000  6301 bytes for ./Payload/Cure-Temp.app/www/build/0.js
copying file ./Payload/Cure-Temp.app/www/build/1.js ... 
2018-02-08 06:09:46 +0000  697 bytes for ./Payload/Cure-Temp.app/www/build/1.js
copying file ./Payload/Cure-Temp.app/www/build/2.js ... 
2018-02-08 06:09:46 +0000  958 bytes for ./Payload/Cure-Temp.app/www/build/2.js
copying file ./Payload/Cure-Temp.app/www/build/3.js ... 
690 bytes for ./Payload/Cure-Temp.app/www/build/3.js
copying file ./Payload/Cure-Temp.app/www/build/4.js ... 
2018-02-08 06:09:46 +0000  1032 bytes for ./Payload/Cure-Temp.app/www/build/4.js
2018-02-08 06:09:46 +0000  copying file ./Payload/Cure-Temp.app/www/build/5.js ... 
764 bytes for ./Payload/Cure-Temp.app/www/build/5.js
copying file ./Payload/Cure-Temp.app/www/build/6.js ... 
2018-02-08 06:09:46 +0000  726 bytes for ./Payload/Cure-Temp.app/www/build/6.js
copying file ./Payload/Cure-Temp.app/www/build/7.js ... 
2018-02-08 06:09:46 +0000  688 bytes for ./Payload/Cure-Temp.app/www/build/7.js
copying file ./Payload/Cure-Temp.app/www/build/main.css ... 
2018-02-08 06:09:46 +0000  696802 bytes for ./Payload/Cure-Temp.app/www/build/main.css
copying file ./Payload/Cure-Temp.app/www/build/main.js ... 
2018-02-08 06:09:46 +0000  76213 bytes for ./Payload/Cure-Temp.app/www/build/main.js
copying file ./Payload/Cure-Temp.app/www/build/polyfills.js ... 
2018-02-08 06:09:46 +0000  97180 bytes for ./Payload/Cure-Temp.app/www/build/polyfills.js
2018-02-08 06:09:46 +0000  copying file ./Payload/Cure-Temp.app/www/build/sw-toolbox.js ... 
2018-02-08 06:09:46 +0000  15793 bytes for ./Payload/Cure-Temp.app/www/build/sw-toolbox.js
copying file ./Payload/Cure-Temp.app/www/build/vendor.js ... 
2018-02-08 06:09:46 +0000  659559 bytes for ./Payload/Cure-Temp.app/www/build/vendor.js
2018-02-08 06:09:46 +0000  copying file ./Payload/Cure-Temp.app/www/cordova-js-src/exec.js ... 
2018-02-08 06:09:46 +0000  8877 bytes for ./Payload/Cure-Temp.app/www/cordova-js-src/exec.js
copying file ./Payload/Cure-Temp.app/www/cordova-js-src/platform.js ... 
2018-02-08 06:09:46 +0000  1168 bytes for ./Payload/Cure-Temp.app/www/cordova-js-src/platform.js
2018-02-08 06:09:46 +0000  copying file ./Payload/Cure-Temp.app/www/cordova-js-src/plugin/ios/console.js ... 
2018-02-08 06:09:46 +0000  6822 bytes for ./Payload/Cure-Temp.app/www/cordova-js-src/plugin/ios/console.js
copying file ./Payload/Cure-Temp.app/www/cordova-js-src/plugin/ios/logger.js ... 
2018-02-08 06:09:46 +0000  10233 bytes for ./Payload/Cure-Temp.app/www/cordova-js-src/plugin/ios/logger.js
2018-02-08 06:09:46 +0000  copying file ./Payload/Cure-Temp.app/www/cordova.js ... 
2018-02-08 06:09:46 +0000  78044 bytes for ./Payload/Cure-Temp.app/www/cordova.js
copying file ./Payload/Cure-Temp.app/www/cordova_plugins.js ... 
2018-02-08 06:09:46 +0000  1530 bytes for ./Payload/Cure-Temp.app/www/cordova_plugins.js
copying file ./Payload/Cure-Temp.app/www/index.html ... 
2018-02-08 06:09:46 +0000  1810 bytes for ./Payload/Cure-Temp.app/www/index.html
copying file ./Payload/Cure-Temp.app/www/manifest.json ... 
2018-02-08 06:09:46 +0000  274 bytes for ./Payload/Cure-Temp.app/www/manifest.json
2018-02-08 06:09:46 +0000  copying file ./Payload/Cure-Temp.app/www/plugins/cordova-plugin-device/www/device.js ... 
2018-02-08 06:09:46 +0000  3062 bytes for ./Payload/Cure-Temp.app/www/plugins/cordova-plugin-device/www/device.js
2018-02-08 06:09:46 +0000  copying file ./Payload/Cure-Temp.app/www/plugins/cordova-plugin-firebase/www/firebase.js ... 
2018-02-08 06:09:46 +0000  4082 bytes for ./Payload/Cure-Temp.app/www/plugins/cordova-plugin-firebase/www/firebase.js
2018-02-08 06:09:46 +0000  copying file ./Payload/Cure-Temp.app/www/plugins/cordova-plugin-ionic-webview/src/www/ios/ios-wkwebview-exec.js ... 
2018-02-08 06:09:46 +0000  6167 bytes for ./Payload/Cure-Temp.app/www/plugins/cordova-plugin-ionic-webview/src/www/ios/ios-wkwebview-exec.js
2018-02-08 06:09:46 +0000  copying file ./Payload/Cure-Temp.app/www/plugins/cordova-plugin-splashscreen/www/splashscreen.js ... 
2018-02-08 06:09:46 +0000  1173 bytes for ./Payload/Cure-Temp.app/www/plugins/cordova-plugin-splashscreen/www/splashscreen.js
2018-02-08 06:09:46 +0000  copying file ./Payload/Cure-Temp.app/www/plugins/ionic-plugin-keyboard/www/ios/keyboard.js ... 
2018-02-08 06:09:46 +0000  1108 bytes for ./Payload/Cure-Temp.app/www/plugins/ionic-plugin-keyboard/www/ios/keyboard.js
copying file ./Payload/Cure-Temp.app/www/service-worker.js ... 
2018-02-08 06:09:46 +0000  741 bytes for ./Payload/Cure-Temp.app/www/service-worker.js
copying file ./Payload/Cure-Temp.app/www/wk-plugin.js ... 
2018-02-08 06:09:46 +0000  1779 bytes for ./Payload/Cure-Temp.app/www/wk-plugin.js
2018-02-08 06:09:46 +0000  /usr/bin/ditto exited with 0
2018-02-08 06:09:46 +0000  Processing step: IDEDistributionCreateManifestStep
